<?xml version="1.0" encoding="UTF-8"?>
<!-- Generated by org.testng.reporters.JUnitXMLReporter -->
<testsuite ignored="0" hostname="DESKTOP-43JB7IB" failures="0" tests="2" name="Default test" time="14.511" errors="0" timestamp="2022-07-29T04:09:04 IST">
  <testcase classname="orangeHRMTests.OrangeHRMLoginTest" name="loginWithValidCredentials" time="3.658"/>
  <testcase classname="orangeHRMTests.OrangeHRMLoginTest" name="verifyTheResctangleDrawn" time="6.677"/>
</testsuite> <!-- Default test -->
