<?xml version="1.0" encoding="UTF-8"?>
<testng-results ignored="0" total="2" passed="2" failed="0" skipped="0">
  <reporter-output>
  </reporter-output>
  <suite started-at="2022-07-29T04:08:50 IST" name="Default suite" finished-at="2022-07-29T04:09:04 IST" duration-ms="14511">
    <groups>
    </groups>
    <test started-at="2022-07-29T04:08:50 IST" name="Default test" finished-at="2022-07-29T04:09:04 IST" duration-ms="14511">
      <class name="orangeHRMTests.OrangeHRMLoginTest">
        <test-method is-config="true" signature="brwsrLaunch()[pri:0, instance:orangeHRMTests.OrangeHRMLoginTest@1ce24091]" started-at="2022-07-29T04:08:50 IST" name="brwsrLaunch" finished-at="2022-07-29T04:08:54 IST" duration-ms="3837" status="PASS">
          <reporter-output>
          </reporter-output>
        </test-method> <!-- brwsrLaunch -->
        <test-method signature="loginWithValidCredentials()[pri:0, instance:orangeHRMTests.OrangeHRMLoginTest@1ce24091]" started-at="2022-07-29T04:08:54 IST" name="loginWithValidCredentials" finished-at="2022-07-29T04:08:57 IST" duration-ms="3658" status="PASS">
          <reporter-output>
          </reporter-output>
        </test-method> <!-- loginWithValidCredentials -->
        <test-method signature="verifyTheResctangleDrawn()[pri:1, instance:orangeHRMTests.OrangeHRMLoginTest@1ce24091]" started-at="2022-07-29T04:08:57 IST" name="verifyTheResctangleDrawn" finished-at="2022-07-29T04:09:04 IST" duration-ms="6677" status="PASS">
          <reporter-output>
          </reporter-output>
        </test-method> <!-- verifyTheResctangleDrawn -->
        <test-method is-config="true" signature="closeDriver()[pri:0, instance:orangeHRMTests.OrangeHRMLoginTest@1ce24091]" started-at="2022-07-29T04:09:04 IST" name="closeDriver" finished-at="2022-07-29T04:09:04 IST" duration-ms="259" status="PASS">
          <reporter-output>
          </reporter-output>
        </test-method> <!-- closeDriver -->
      </class> <!-- orangeHRMTests.OrangeHRMLoginTest -->
    </test> <!-- Default test -->
  </suite> <!-- Default suite -->
</testng-results>
